[2024-07-14T21:17:18.269+0900] {taskinstance.py:1171} INFO - Dependencies all met for <TaskInstance: printExample.bash_t2 manual__2024-07-14T12:17:14.403864+00:00 [queued]>
[2024-07-14T21:17:18.286+0900] {taskinstance.py:1171} INFO - Dependencies all met for <TaskInstance: printExample.bash_t2 manual__2024-07-14T12:17:14.403864+00:00 [queued]>
[2024-07-14T21:17:18.286+0900] {taskinstance.py:1368} INFO - 
--------------------------------------------------------------------------------
[2024-07-14T21:17:18.286+0900] {taskinstance.py:1369} INFO - Starting attempt 1 of 1
[2024-07-14T21:17:18.287+0900] {taskinstance.py:1370} INFO - 
--------------------------------------------------------------------------------
[2024-07-14T21:17:18.304+0900] {taskinstance.py:1389} INFO - Executing <Task(BashOperator): bash_t2> on 2024-07-14 12:17:14.403864+00:00
[2024-07-14T21:17:18.330+0900] {standard_task_runner.py:52} INFO - Started process 30721 to run task
[2024-07-14T21:17:18.344+0900] {standard_task_runner.py:79} INFO - Running: ['airflow', 'tasks', 'run', 'printExample', 'bash_t2', 'manual__2024-07-14T12:17:14.403864+00:00', '--job-id', '21', '--raw', '--subdir', 'DAGS_FOLDER/printExample.py', '--cfg-path', '/var/folders/s3/qf7_0f3s7137frvkybd7gfqh0000gn/T/tmpaslzz01m', '--error-file', '/var/folders/s3/qf7_0f3s7137frvkybd7gfqh0000gn/T/tmpy5wndd94']
[2024-07-14T21:17:18.349+0900] {standard_task_runner.py:80} INFO - Job 21: Subtask bash_t2
[2024-07-14T21:17:18.415+0900] {task_command.py:371} INFO - Running <TaskInstance: printExample.bash_t2 manual__2024-07-14T12:17:14.403864+00:00 [running]> on host 1.0.0.0.0.0.0.0.0.0.0.0.0.0.0.0.0.0.0.0.0.0.0.0.0.0.0.0.0.0.0.0.ip6.arpa
[2024-07-14T21:17:18.477+0900] {taskinstance.py:1583} INFO - Exporting the following env vars:
AIRFLOW_CTX_DAG_OWNER=airflow
AIRFLOW_CTX_DAG_ID=printExample
AIRFLOW_CTX_TASK_ID=bash_t2
AIRFLOW_CTX_EXECUTION_DATE=2024-07-14T12:17:14.403864+00:00
AIRFLOW_CTX_TRY_NUMBER=1
AIRFLOW_CTX_DAG_RUN_ID=manual__2024-07-14T12:17:14.403864+00:00
[2024-07-14T21:17:18.477+0900] {subprocess.py:62} INFO - Tmp dir root location: 
 /var/folders/s3/qf7_0f3s7137frvkybd7gfqh0000gn/T
[2024-07-14T21:17:18.478+0900] {subprocess.py:74} INFO - Running command: ['/bin/bash', '-c', 'python3 /Users/jongwoom1pro/Coding/개인프로젝트/printMJ.py']
[2024-07-14T21:17:18.491+0900] {subprocess.py:85} INFO - Output:
[2024-07-14T21:17:18.522+0900] {subprocess.py:92} INFO - 나는 명준이다
[2024-07-14T21:17:18.522+0900] {subprocess.py:92} INFO - 나는 명준이다
[2024-07-14T21:17:18.522+0900] {subprocess.py:92} INFO - 나는 명준이다
[2024-07-14T21:17:18.522+0900] {subprocess.py:92} INFO - 나는 명준이다
[2024-07-14T21:17:18.522+0900] {subprocess.py:92} INFO - 나는 명준이다
[2024-07-14T21:17:18.522+0900] {subprocess.py:92} INFO - 나는 명준이다
[2024-07-14T21:17:18.523+0900] {subprocess.py:92} INFO - 나는 명준이다
[2024-07-14T21:17:18.523+0900] {subprocess.py:92} INFO - 나는 명준이다
[2024-07-14T21:17:18.523+0900] {subprocess.py:92} INFO - 나는 명준이다
[2024-07-14T21:17:18.524+0900] {subprocess.py:96} INFO - Command exited with return code 0
[2024-07-14T21:17:18.540+0900] {taskinstance.py:1412} INFO - Marking task as SUCCESS. dag_id=printExample, task_id=bash_t2, execution_date=20240714T121714, start_date=20240714T121718, end_date=20240714T121718
[2024-07-14T21:17:18.582+0900] {local_task_job.py:156} INFO - Task exited with return code 0
[2024-07-14T21:17:18.599+0900] {local_task_job.py:279} INFO - 0 downstream tasks scheduled from follow-on schedule check
