[2024-07-14T17:13:30.042+0900] {taskinstance.py:1171} INFO - Dependencies all met for <TaskInstance: dags_bash_operator.bash_t1 manual__2024-07-14T08:13:27.827661+00:00 [queued]>
[2024-07-14T17:13:30.046+0900] {taskinstance.py:1171} INFO - Dependencies all met for <TaskInstance: dags_bash_operator.bash_t1 manual__2024-07-14T08:13:27.827661+00:00 [queued]>
[2024-07-14T17:13:30.046+0900] {taskinstance.py:1368} INFO - 
--------------------------------------------------------------------------------
[2024-07-14T17:13:30.047+0900] {taskinstance.py:1369} INFO - Starting attempt 1 of 1
[2024-07-14T17:13:30.047+0900] {taskinstance.py:1370} INFO - 
--------------------------------------------------------------------------------
[2024-07-14T17:13:30.055+0900] {taskinstance.py:1389} INFO - Executing <Task(BashOperator): bash_t1> on 2024-07-14 08:13:27.827661+00:00
[2024-07-14T17:13:30.068+0900] {standard_task_runner.py:52} INFO - Started process 18110 to run task
[2024-07-14T17:13:30.073+0900] {standard_task_runner.py:79} INFO - Running: ['airflow', 'tasks', 'run', 'dags_bash_operator', 'bash_t1', 'manual__2024-07-14T08:13:27.827661+00:00', '--job-id', '7', '--raw', '--subdir', 'DAGS_FOLDER/dags_bash_operator.py', '--cfg-path', '/var/folders/s3/qf7_0f3s7137frvkybd7gfqh0000gn/T/tmp25znottb', '--error-file', '/var/folders/s3/qf7_0f3s7137frvkybd7gfqh0000gn/T/tmp20wp377s']
[2024-07-14T17:13:30.074+0900] {standard_task_runner.py:80} INFO - Job 7: Subtask bash_t1
[2024-07-14T17:13:30.115+0900] {task_command.py:371} INFO - Running <TaskInstance: dags_bash_operator.bash_t1 manual__2024-07-14T08:13:27.827661+00:00 [running]> on host jongwoouiui-MacBookPro.local
[2024-07-14T17:13:30.148+0900] {taskinstance.py:1583} INFO - Exporting the following env vars:
AIRFLOW_CTX_DAG_OWNER=airflow
AIRFLOW_CTX_DAG_ID=dags_bash_operator
AIRFLOW_CTX_TASK_ID=bash_t1
AIRFLOW_CTX_EXECUTION_DATE=2024-07-14T08:13:27.827661+00:00
AIRFLOW_CTX_TRY_NUMBER=1
AIRFLOW_CTX_DAG_RUN_ID=manual__2024-07-14T08:13:27.827661+00:00
[2024-07-14T17:13:30.149+0900] {subprocess.py:62} INFO - Tmp dir root location: 
 /var/folders/s3/qf7_0f3s7137frvkybd7gfqh0000gn/T
[2024-07-14T17:13:30.149+0900] {subprocess.py:74} INFO - Running command: ['/bin/bash', '-c', 'echo whoami']
[2024-07-14T17:13:30.160+0900] {subprocess.py:85} INFO - Output:
[2024-07-14T17:13:30.165+0900] {subprocess.py:92} INFO - whoami
[2024-07-14T17:13:30.165+0900] {subprocess.py:96} INFO - Command exited with return code 0
[2024-07-14T17:13:30.178+0900] {taskinstance.py:1412} INFO - Marking task as SUCCESS. dag_id=dags_bash_operator, task_id=bash_t1, execution_date=20240714T081327, start_date=20240714T081330, end_date=20240714T081330
[2024-07-14T17:13:30.222+0900] {local_task_job.py:156} INFO - Task exited with return code 0
[2024-07-14T17:13:30.240+0900] {local_task_job.py:279} INFO - 1 downstream tasks scheduled from follow-on schedule check
