[2024-07-14T21:32:45.605+0900] {taskinstance.py:1171} INFO - Dependencies all met for <TaskInstance: printExample.bash_t2 manual__2024-07-14T12:27:59.868533+00:00 [queued]>
[2024-07-14T21:32:45.609+0900] {taskinstance.py:1171} INFO - Dependencies all met for <TaskInstance: printExample.bash_t2 manual__2024-07-14T12:27:59.868533+00:00 [queued]>
[2024-07-14T21:32:45.610+0900] {taskinstance.py:1368} INFO - 
--------------------------------------------------------------------------------
[2024-07-14T21:32:45.610+0900] {taskinstance.py:1369} INFO - Starting attempt 1 of 1
[2024-07-14T21:32:45.610+0900] {taskinstance.py:1370} INFO - 
--------------------------------------------------------------------------------
[2024-07-14T21:32:45.617+0900] {taskinstance.py:1389} INFO - Executing <Task(BashOperator): bash_t2> on 2024-07-14 12:27:59.868533+00:00
[2024-07-14T21:32:45.628+0900] {standard_task_runner.py:52} INFO - Started process 31516 to run task
[2024-07-14T21:32:45.632+0900] {standard_task_runner.py:79} INFO - Running: ['airflow', 'tasks', 'run', 'printExample', 'bash_t2', 'manual__2024-07-14T12:27:59.868533+00:00', '--job-id', '27', '--raw', '--subdir', 'DAGS_FOLDER/printExample.py', '--cfg-path', '/var/folders/s3/qf7_0f3s7137frvkybd7gfqh0000gn/T/tmp8rcr5y7s', '--error-file', '/var/folders/s3/qf7_0f3s7137frvkybd7gfqh0000gn/T/tmps0jhm1xh']
[2024-07-14T21:32:45.634+0900] {standard_task_runner.py:80} INFO - Job 27: Subtask bash_t2
[2024-07-14T21:32:45.664+0900] {task_command.py:371} INFO - Running <TaskInstance: printExample.bash_t2 manual__2024-07-14T12:27:59.868533+00:00 [running]> on host 1.0.0.0.0.0.0.0.0.0.0.0.0.0.0.0.0.0.0.0.0.0.0.0.0.0.0.0.0.0.0.0.ip6.arpa
[2024-07-14T21:32:45.696+0900] {taskinstance.py:1583} INFO - Exporting the following env vars:
AIRFLOW_CTX_DAG_OWNER=airflow
AIRFLOW_CTX_DAG_ID=printExample
AIRFLOW_CTX_TASK_ID=bash_t2
AIRFLOW_CTX_EXECUTION_DATE=2024-07-14T12:27:59.868533+00:00
AIRFLOW_CTX_TRY_NUMBER=1
AIRFLOW_CTX_DAG_RUN_ID=manual__2024-07-14T12:27:59.868533+00:00
[2024-07-14T21:32:45.697+0900] {subprocess.py:62} INFO - Tmp dir root location: 
 /var/folders/s3/qf7_0f3s7137frvkybd7gfqh0000gn/T
[2024-07-14T21:32:45.698+0900] {subprocess.py:74} INFO - Running command: ['/bin/bash', '-c', 'python3 /Users/jongwoom1pro/Coding/개인프로젝트/printMJ.py']
[2024-07-14T21:32:45.708+0900] {subprocess.py:85} INFO - Output:
[2024-07-14T21:32:45.732+0900] {subprocess.py:92} INFO - 나는 명준이다
[2024-07-14T21:32:45.733+0900] {subprocess.py:92} INFO - 나는 명준이다
[2024-07-14T21:32:45.733+0900] {subprocess.py:92} INFO - 나는 명준이다
[2024-07-14T21:32:45.733+0900] {subprocess.py:92} INFO - 나는 명준이다
[2024-07-14T21:32:45.733+0900] {subprocess.py:92} INFO - 나는 명준이다
[2024-07-14T21:32:45.733+0900] {subprocess.py:92} INFO - 나는 명준이다
[2024-07-14T21:32:45.733+0900] {subprocess.py:92} INFO - 나는 명준이다
[2024-07-14T21:32:45.733+0900] {subprocess.py:92} INFO - 나는 명준이다
[2024-07-14T21:32:45.733+0900] {subprocess.py:92} INFO - 나는 명준이다
[2024-07-14T21:32:45.734+0900] {subprocess.py:96} INFO - Command exited with return code 0
[2024-07-14T21:32:45.747+0900] {taskinstance.py:1412} INFO - Marking task as SUCCESS. dag_id=printExample, task_id=bash_t2, execution_date=20240714T122759, start_date=20240714T123245, end_date=20240714T123245
[2024-07-14T21:32:45.781+0900] {local_task_job.py:156} INFO - Task exited with return code 0
[2024-07-14T21:32:45.797+0900] {local_task_job.py:279} INFO - 0 downstream tasks scheduled from follow-on schedule check
