[2024-07-14T17:13:13.140+0900] {taskinstance.py:1171} INFO - Dependencies all met for <TaskInstance: dags_bash_operator.bash_t2 manual__2024-07-14T08:13:06.759978+00:00 [queued]>
[2024-07-14T17:13:13.145+0900] {taskinstance.py:1171} INFO - Dependencies all met for <TaskInstance: dags_bash_operator.bash_t2 manual__2024-07-14T08:13:06.759978+00:00 [queued]>
[2024-07-14T17:13:13.145+0900] {taskinstance.py:1368} INFO - 
--------------------------------------------------------------------------------
[2024-07-14T17:13:13.145+0900] {taskinstance.py:1369} INFO - Starting attempt 1 of 1
[2024-07-14T17:13:13.145+0900] {taskinstance.py:1370} INFO - 
--------------------------------------------------------------------------------
[2024-07-14T17:13:13.153+0900] {taskinstance.py:1389} INFO - Executing <Task(BashOperator): bash_t2> on 2024-07-14 08:13:06.759978+00:00
[2024-07-14T17:13:13.164+0900] {standard_task_runner.py:52} INFO - Started process 18062 to run task
[2024-07-14T17:13:13.168+0900] {standard_task_runner.py:79} INFO - Running: ['airflow', 'tasks', 'run', 'dags_bash_operator', 'bash_t2', 'manual__2024-07-14T08:13:06.759978+00:00', '--job-id', '6', '--raw', '--subdir', 'DAGS_FOLDER/dags_bash_operator.py', '--cfg-path', '/var/folders/s3/qf7_0f3s7137frvkybd7gfqh0000gn/T/tmpbd1ujg_o', '--error-file', '/var/folders/s3/qf7_0f3s7137frvkybd7gfqh0000gn/T/tmpxwfy90_c']
[2024-07-14T17:13:13.170+0900] {standard_task_runner.py:80} INFO - Job 6: Subtask bash_t2
[2024-07-14T17:13:13.212+0900] {task_command.py:371} INFO - Running <TaskInstance: dags_bash_operator.bash_t2 manual__2024-07-14T08:13:06.759978+00:00 [running]> on host jongwoouiui-MacBookPro.local
[2024-07-14T17:13:13.249+0900] {taskinstance.py:1583} INFO - Exporting the following env vars:
AIRFLOW_CTX_DAG_OWNER=airflow
AIRFLOW_CTX_DAG_ID=dags_bash_operator
AIRFLOW_CTX_TASK_ID=bash_t2
AIRFLOW_CTX_EXECUTION_DATE=2024-07-14T08:13:06.759978+00:00
AIRFLOW_CTX_TRY_NUMBER=1
AIRFLOW_CTX_DAG_RUN_ID=manual__2024-07-14T08:13:06.759978+00:00
[2024-07-14T17:13:13.250+0900] {subprocess.py:62} INFO - Tmp dir root location: 
 /var/folders/s3/qf7_0f3s7137frvkybd7gfqh0000gn/T
[2024-07-14T17:13:13.251+0900] {subprocess.py:74} INFO - Running command: ['/bin/bash', '-c', 'echo $HOSTNAME']
[2024-07-14T17:13:13.262+0900] {subprocess.py:85} INFO - Output:
[2024-07-14T17:13:13.269+0900] {subprocess.py:92} INFO - jongwoouiui-MacBookPro.local
[2024-07-14T17:13:13.269+0900] {subprocess.py:96} INFO - Command exited with return code 0
[2024-07-14T17:13:13.285+0900] {taskinstance.py:1412} INFO - Marking task as SUCCESS. dag_id=dags_bash_operator, task_id=bash_t2, execution_date=20240714T081306, start_date=20240714T081313, end_date=20240714T081313
[2024-07-14T17:13:13.319+0900] {local_task_job.py:156} INFO - Task exited with return code 0
[2024-07-14T17:13:13.335+0900] {local_task_job.py:279} INFO - 0 downstream tasks scheduled from follow-on schedule check
