[2024-07-14T21:32:42.552+0900] {taskinstance.py:1171} INFO - Dependencies all met for <TaskInstance: printExample.bash_t1 manual__2024-07-14T12:29:16+00:00 [queued]>
[2024-07-14T21:32:42.557+0900] {taskinstance.py:1171} INFO - Dependencies all met for <TaskInstance: printExample.bash_t1 manual__2024-07-14T12:29:16+00:00 [queued]>
[2024-07-14T21:32:42.557+0900] {taskinstance.py:1368} INFO - 
--------------------------------------------------------------------------------
[2024-07-14T21:32:42.557+0900] {taskinstance.py:1369} INFO - Starting attempt 1 of 1
[2024-07-14T21:32:42.557+0900] {taskinstance.py:1370} INFO - 
--------------------------------------------------------------------------------
[2024-07-14T21:32:42.566+0900] {taskinstance.py:1389} INFO - Executing <Task(BashOperator): bash_t1> on 2024-07-14 12:29:16+00:00
[2024-07-14T21:32:42.576+0900] {standard_task_runner.py:52} INFO - Started process 31502 to run task
[2024-07-14T21:32:42.580+0900] {standard_task_runner.py:79} INFO - Running: ['airflow', 'tasks', 'run', 'printExample', 'bash_t1', 'manual__2024-07-14T12:29:16+00:00', '--job-id', '25', '--raw', '--subdir', 'DAGS_FOLDER/printExample.py', '--cfg-path', '/var/folders/s3/qf7_0f3s7137frvkybd7gfqh0000gn/T/tmpfnf_rfz2', '--error-file', '/var/folders/s3/qf7_0f3s7137frvkybd7gfqh0000gn/T/tmpyjfxc6gv']
[2024-07-14T21:32:42.581+0900] {standard_task_runner.py:80} INFO - Job 25: Subtask bash_t1
[2024-07-14T21:32:42.611+0900] {task_command.py:371} INFO - Running <TaskInstance: printExample.bash_t1 manual__2024-07-14T12:29:16+00:00 [running]> on host 1.0.0.0.0.0.0.0.0.0.0.0.0.0.0.0.0.0.0.0.0.0.0.0.0.0.0.0.0.0.0.0.ip6.arpa
[2024-07-14T21:32:42.644+0900] {taskinstance.py:1583} INFO - Exporting the following env vars:
AIRFLOW_CTX_DAG_OWNER=airflow
AIRFLOW_CTX_DAG_ID=printExample
AIRFLOW_CTX_TASK_ID=bash_t1
AIRFLOW_CTX_EXECUTION_DATE=2024-07-14T12:29:16+00:00
AIRFLOW_CTX_TRY_NUMBER=1
AIRFLOW_CTX_DAG_RUN_ID=manual__2024-07-14T12:29:16+00:00
[2024-07-14T21:32:42.645+0900] {subprocess.py:62} INFO - Tmp dir root location: 
 /var/folders/s3/qf7_0f3s7137frvkybd7gfqh0000gn/T
[2024-07-14T21:32:42.645+0900] {subprocess.py:74} INFO - Running command: ['/bin/bash', '-c', 'python3 /Users/jongwoom1pro/Coding/개인프로젝트/printJW.py']
[2024-07-14T21:32:42.654+0900] {subprocess.py:85} INFO - Output:
[2024-07-14T21:32:43.278+0900] {subprocess.py:96} INFO - Command exited with return code 0
[2024-07-14T21:32:43.291+0900] {taskinstance.py:1412} INFO - Marking task as SUCCESS. dag_id=printExample, task_id=bash_t1, execution_date=20240714T122916, start_date=20240714T123242, end_date=20240714T123243
[2024-07-14T21:32:43.304+0900] {local_task_job.py:156} INFO - Task exited with return code 0
[2024-07-14T21:32:43.320+0900] {local_task_job.py:279} INFO - 1 downstream tasks scheduled from follow-on schedule check
