[2024-07-14T21:12:59.478+0900] {taskinstance.py:1171} INFO - Dependencies all met for <TaskInstance: dags_bash_operator.bash_t2 manual__2024-07-14T12:12:55.119017+00:00 [queued]>
[2024-07-14T21:12:59.482+0900] {taskinstance.py:1171} INFO - Dependencies all met for <TaskInstance: dags_bash_operator.bash_t2 manual__2024-07-14T12:12:55.119017+00:00 [queued]>
[2024-07-14T21:12:59.482+0900] {taskinstance.py:1368} INFO - 
--------------------------------------------------------------------------------
[2024-07-14T21:12:59.482+0900] {taskinstance.py:1369} INFO - Starting attempt 1 of 1
[2024-07-14T21:12:59.482+0900] {taskinstance.py:1370} INFO - 
--------------------------------------------------------------------------------
[2024-07-14T21:12:59.490+0900] {taskinstance.py:1389} INFO - Executing <Task(BashOperator): bash_t2> on 2024-07-14 12:12:55.119017+00:00
[2024-07-14T21:12:59.502+0900] {standard_task_runner.py:52} INFO - Started process 30033 to run task
[2024-07-14T21:12:59.508+0900] {standard_task_runner.py:79} INFO - Running: ['airflow', 'tasks', 'run', 'dags_bash_operator', 'bash_t2', 'manual__2024-07-14T12:12:55.119017+00:00', '--job-id', '18', '--raw', '--subdir', 'DAGS_FOLDER/printExample.py', '--cfg-path', '/var/folders/s3/qf7_0f3s7137frvkybd7gfqh0000gn/T/tmpoicdg93u', '--error-file', '/var/folders/s3/qf7_0f3s7137frvkybd7gfqh0000gn/T/tmpmk5hbddr']
[2024-07-14T21:12:59.509+0900] {standard_task_runner.py:80} INFO - Job 18: Subtask bash_t2
[2024-07-14T21:12:59.552+0900] {task_command.py:371} INFO - Running <TaskInstance: dags_bash_operator.bash_t2 manual__2024-07-14T12:12:55.119017+00:00 [running]> on host 1.0.0.0.0.0.0.0.0.0.0.0.0.0.0.0.0.0.0.0.0.0.0.0.0.0.0.0.0.0.0.0.ip6.arpa
[2024-07-14T21:12:59.589+0900] {taskinstance.py:1583} INFO - Exporting the following env vars:
AIRFLOW_CTX_DAG_OWNER=airflow
AIRFLOW_CTX_DAG_ID=dags_bash_operator
AIRFLOW_CTX_TASK_ID=bash_t2
AIRFLOW_CTX_EXECUTION_DATE=2024-07-14T12:12:55.119017+00:00
AIRFLOW_CTX_TRY_NUMBER=1
AIRFLOW_CTX_DAG_RUN_ID=manual__2024-07-14T12:12:55.119017+00:00
[2024-07-14T21:12:59.590+0900] {subprocess.py:62} INFO - Tmp dir root location: 
 /var/folders/s3/qf7_0f3s7137frvkybd7gfqh0000gn/T
[2024-07-14T21:12:59.590+0900] {subprocess.py:74} INFO - Running command: ['/bin/bash', '-c', 'python3 /Users/jongwoom1pro/Coding/개인프로젝트/printMJ.py']
[2024-07-14T21:12:59.601+0900] {subprocess.py:85} INFO - Output:
[2024-07-14T21:12:59.630+0900] {subprocess.py:92} INFO - 나는 명준이다
[2024-07-14T21:12:59.630+0900] {subprocess.py:92} INFO - 나는 명준이다
[2024-07-14T21:12:59.630+0900] {subprocess.py:92} INFO - 나는 명준이다
[2024-07-14T21:12:59.631+0900] {subprocess.py:92} INFO - 나는 명준이다
[2024-07-14T21:12:59.631+0900] {subprocess.py:92} INFO - 나는 명준이다
[2024-07-14T21:12:59.631+0900] {subprocess.py:92} INFO - 나는 명준이다
[2024-07-14T21:12:59.631+0900] {subprocess.py:92} INFO - 나는 명준이다
[2024-07-14T21:12:59.631+0900] {subprocess.py:92} INFO - 나는 명준이다
[2024-07-14T21:12:59.631+0900] {subprocess.py:92} INFO - 나는 명준이다
[2024-07-14T21:12:59.632+0900] {subprocess.py:96} INFO - Command exited with return code 0
[2024-07-14T21:12:59.647+0900] {taskinstance.py:1412} INFO - Marking task as SUCCESS. dag_id=dags_bash_operator, task_id=bash_t2, execution_date=20240714T121255, start_date=20240714T121259, end_date=20240714T121259
[2024-07-14T21:12:59.655+0900] {local_task_job.py:156} INFO - Task exited with return code 0
[2024-07-14T21:12:59.671+0900] {local_task_job.py:279} INFO - 0 downstream tasks scheduled from follow-on schedule check
